生成启动时间为 2019/1/4 18:49:01。
     1>项目“D:\softwares\Visual Studio 2010\Projects\io_client\io_client\io_client.vcxproj”在节点 2 上(build 个目标)。
     1>InitializeBuildStatus:
         正在创建“x64\Debug\io_client.unsuccessfulbuild”，因为已指定“AlwaysCreate”。
       ClCompile:
         d:\softwares\Visual Studio 2010\VC\bin\x86_amd64\CL.exe /c /ID:\softwares\Boost\boost_1_44_0 /Zi /nologo /W3 /WX- /Od /D WIN32 /D _DEBUG /D _CONSOLE /D _UNICODE /D UNICODE /Gm /EHsc /RTC1 /MDd /GS /fp:precise /Zc:wchar_t /Zc:forScope /Fo"x64\Debug\\" /Fd"x64\Debug\vc100.pdb" /Gd /TP /errorReport:prompt io_client.cpp
         io_client.cpp
         Please define _WIN32_WINNT or _WIN32_WINDOWS appropriately. For example:
         - add -D_WIN32_WINNT=0x0501 to the compiler command line; or
         - add _WIN32_WINNT=0x0501 to your project's Preprocessor Definitions.
         Assuming _WIN32_WINNT=0x0501 (i.e. Windows XP target).
       ManifestResourceCompile:
         所有输出均为最新。
       Link:
         d:\softwares\Visual Studio 2010\VC\bin\x86_amd64\link.exe /ERRORREPORT:PROMPT /OUT:"D:\softwares\Visual Studio 2010\Projects\io_client\x64\Debug\io_client.exe" /INCREMENTAL /NOLOGO /LIBPATH:"D:\softwares\Boost\boost_1_44_0\output-vs2010-static-debug\lib" kernel32.lib user32.lib gdi32.lib winspool.lib comdlg32.lib advapi32.lib shell32.lib ole32.lib oleaut32.lib uuid.lib odbc32.lib odbccp32.lib /MANIFEST /ManifestFile:"x64\Debug\io_client.exe.intermediate.manifest" /MANIFESTUAC:"level='asInvoker' uiAccess='false'" /DEBUG /PDB:"D:\softwares\Visual Studio 2010\Projects\io_client\x64\Debug\io_client.pdb" /SUBSYSTEM:CONSOLE /TLBID:1 /DYNAMICBASE /NXCOMPAT /IMPLIB:"D:\softwares\Visual Studio 2010\Projects\io_client\x64\Debug\io_client.lib" /MACHINE:X64 x64\Debug\io_client.exe.embed.manifest.res
         x64\Debug\io_client.obj
         io_client.vcxproj -> D:\softwares\Visual Studio 2010\Projects\io_client\x64\Debug\io_client.exe
       Manifest:
         C:\Program Files (x86)\Microsoft SDKs\Windows\v7.0A\bin\mt.exe /nologo /verbose /out:"x64\Debug\io_client.exe.embed.manifest" /manifest x64\Debug\io_client.exe.intermediate.manifest
         所有输出均为最新。
       LinkEmbedManifest:
         所有输出均为最新。
         io_client.vcxproj -> D:\softwares\Visual Studio 2010\Projects\io_client\x64\Debug\io_client.exe
       FinalizeBuildStatus:
         正在删除文件“x64\Debug\io_client.unsuccessfulbuild”。
         正在对“x64\Debug\io_client.lastbuildstate”执行 Touch 任务。
     1>已完成生成项目“D:\softwares\Visual Studio 2010\Projects\io_client\io_client\io_client.vcxproj”(build 个目标)的操作。

生成成功。

已用时间 00:00:04.16
